[2.591s] DEBUG:colcon:Command line arguments: ['/usr/bin/colcon', 'list', '-p', '--base-paths', '/home/npastore/WAChallengeWorkspace']
[2.591s] DEBUG:colcon:Parsed command line arguments: Namespace(log_base=None, log_level=None, verb_name='list', build_base='build', ignore_user_meta=False, metas=['./colcon.meta'], base_paths=['/home/npastore/WAChallengeWorkspace'], packages_ignore=None, packages_ignore_regex=None, paths=None, packages_up_to=None, packages_up_to_regex=None, packages_above=None, packages_above_and_dependencies=None, packages_above_depth=None, packages_select_by_dep=None, packages_skip_by_dep=None, packages_skip_up_to=None, packages_select_build_failed=False, packages_skip_build_finished=False, packages_select_test_failures=False, packages_skip_test_passed=False, packages_select=None, packages_skip=None, packages_select_regex=None, packages_skip_regex=None, packages_start=None, packages_end=None, allow_overriding=[], topological_order=False, names_only=False, paths_only=True, topological_graph=False, topological_graph_dot=False, topological_graph_density=False, topological_graph_legend=False, topological_graph_dot_cluster=False, topological_graph_dot_include_skipped=False, verb_parser=<colcon_defaults.argument_parser.defaults.DefaultArgumentsDecorator object at 0x7f85f93730d0>, verb_extension=<colcon_package_information.verb.list.ListVerb object at 0x7f85f9372cb0>, main=<bound method ListVerb.main of <colcon_package_information.verb.list.ListVerb object at 0x7f85f9372cb0>>)
[2.709s] Level 1:colcon.colcon_core.package_discovery:discover_packages(colcon_meta) check parameters
[2.709s] Level 1:colcon.colcon_core.package_discovery:discover_packages(recursive) check parameters
[2.709s] Level 1:colcon.colcon_core.package_discovery:discover_packages(ignore) check parameters
[2.709s] Level 1:colcon.colcon_core.package_discovery:discover_packages(path) check parameters
[2.709s] Level 1:colcon.colcon_core.package_discovery:discover_packages(recursive) discover
[2.709s] INFO:colcon.colcon_core.package_discovery:Crawling recursively for packages in '/home/npastore/WAChallengeWorkspace'
[2.710s] Level 1:colcon.colcon_core.package_identification:_identify(/home/npastore/WAChallengeWorkspace) by extensions ['ignore', 'ignore_ament_install']
[2.710s] Level 1:colcon.colcon_core.package_identification:_identify(/home/npastore/WAChallengeWorkspace) by extension 'ignore'
[2.710s] Level 1:colcon.colcon_core.package_identification:_identify(/home/npastore/WAChallengeWorkspace) by extension 'ignore_ament_install'
[2.710s] Level 1:colcon.colcon_core.package_identification:_identify(/home/npastore/WAChallengeWorkspace) by extensions ['colcon_pkg']
[2.710s] Level 1:colcon.colcon_core.package_identification:_identify(/home/npastore/WAChallengeWorkspace) by extension 'colcon_pkg'
[2.710s] Level 1:colcon.colcon_core.package_identification:_identify(/home/npastore/WAChallengeWorkspace) by extensions ['colcon_meta']
[2.710s] Level 1:colcon.colcon_core.package_identification:_identify(/home/npastore/WAChallengeWorkspace) by extension 'colcon_meta'
[2.710s] Level 1:colcon.colcon_core.package_identification:_identify(/home/npastore/WAChallengeWorkspace) by extensions ['ros']
[2.710s] Level 1:colcon.colcon_core.package_identification:_identify(/home/npastore/WAChallengeWorkspace) by extension 'ros'
[2.734s] Level 1:colcon.colcon_core.package_identification:_identify(/home/npastore/WAChallengeWorkspace) by extensions ['cmake', 'python']
[2.735s] Level 1:colcon.colcon_core.package_identification:_identify(/home/npastore/WAChallengeWorkspace) by extension 'cmake'
[2.735s] Level 1:colcon.colcon_core.package_identification:_identify(/home/npastore/WAChallengeWorkspace) by extension 'python'
[2.735s] Level 1:colcon.colcon_core.package_identification:_identify(/home/npastore/WAChallengeWorkspace) by extensions ['python_setup_py']
[2.735s] Level 1:colcon.colcon_core.package_identification:_identify(/home/npastore/WAChallengeWorkspace) by extension 'python_setup_py'
[2.735s] Level 1:colcon.colcon_core.package_identification:_identify(/home/npastore/WAChallengeWorkspace/log) by extensions ['ignore', 'ignore_ament_install']
[2.735s] Level 1:colcon.colcon_core.package_identification:_identify(/home/npastore/WAChallengeWorkspace/log) by extension 'ignore'
[2.736s] Level 1:colcon.colcon_core.package_identification:_identify(/home/npastore/WAChallengeWorkspace/log) ignored
[2.736s] Level 1:colcon.colcon_core.package_identification:_identify(/home/npastore/WAChallengeWorkspace/src) by extensions ['ignore', 'ignore_ament_install']
[2.736s] Level 1:colcon.colcon_core.package_identification:_identify(/home/npastore/WAChallengeWorkspace/src) by extension 'ignore'
[2.736s] Level 1:colcon.colcon_core.package_identification:_identify(/home/npastore/WAChallengeWorkspace/src) by extension 'ignore_ament_install'
[2.736s] Level 1:colcon.colcon_core.package_identification:_identify(/home/npastore/WAChallengeWorkspace/src) by extensions ['colcon_pkg']
[2.736s] Level 1:colcon.colcon_core.package_identification:_identify(/home/npastore/WAChallengeWorkspace/src) by extension 'colcon_pkg'
[2.736s] Level 1:colcon.colcon_core.package_identification:_identify(/home/npastore/WAChallengeWorkspace/src) by extensions ['colcon_meta']
[2.736s] Level 1:colcon.colcon_core.package_identification:_identify(/home/npastore/WAChallengeWorkspace/src) by extension 'colcon_meta'
[2.736s] Level 1:colcon.colcon_core.package_identification:_identify(/home/npastore/WAChallengeWorkspace/src) by extensions ['ros']
[2.736s] Level 1:colcon.colcon_core.package_identification:_identify(/home/npastore/WAChallengeWorkspace/src) by extension 'ros'
[2.736s] Level 1:colcon.colcon_core.package_identification:_identify(/home/npastore/WAChallengeWorkspace/src) by extensions ['cmake', 'python']
[2.737s] Level 1:colcon.colcon_core.package_identification:_identify(/home/npastore/WAChallengeWorkspace/src) by extension 'cmake'
[2.737s] Level 1:colcon.colcon_core.package_identification:_identify(/home/npastore/WAChallengeWorkspace/src) by extension 'python'
[2.737s] Level 1:colcon.colcon_core.package_identification:_identify(/home/npastore/WAChallengeWorkspace/src) by extensions ['python_setup_py']
[2.737s] Level 1:colcon.colcon_core.package_identification:_identify(/home/npastore/WAChallengeWorkspace/src) by extension 'python_setup_py'
[2.737s] Level 1:colcon.colcon_core.package_identification:_identify(/home/npastore/WAChallengeWorkspace/src/merge_arrays) by extensions ['ignore', 'ignore_ament_install']
[2.737s] Level 1:colcon.colcon_core.package_identification:_identify(/home/npastore/WAChallengeWorkspace/src/merge_arrays) by extension 'ignore'
[2.737s] Level 1:colcon.colcon_core.package_identification:_identify(/home/npastore/WAChallengeWorkspace/src/merge_arrays) by extension 'ignore_ament_install'
[2.737s] Level 1:colcon.colcon_core.package_identification:_identify(/home/npastore/WAChallengeWorkspace/src/merge_arrays) by extensions ['colcon_pkg']
[2.737s] Level 1:colcon.colcon_core.package_identification:_identify(/home/npastore/WAChallengeWorkspace/src/merge_arrays) by extension 'colcon_pkg'
[2.737s] Level 1:colcon.colcon_core.package_identification:_identify(/home/npastore/WAChallengeWorkspace/src/merge_arrays) by extensions ['colcon_meta']
[2.737s] Level 1:colcon.colcon_core.package_identification:_identify(/home/npastore/WAChallengeWorkspace/src/merge_arrays) by extension 'colcon_meta'
[2.737s] Level 1:colcon.colcon_core.package_identification:_identify(/home/npastore/WAChallengeWorkspace/src/merge_arrays) by extensions ['ros']
[2.737s] Level 1:colcon.colcon_core.package_identification:_identify(/home/npastore/WAChallengeWorkspace/src/merge_arrays) by extension 'ros'
[2.743s] DEBUG:colcon.colcon_core.package_identification:Package '/home/npastore/WAChallengeWorkspace/src/merge_arrays' with type 'ros.ament_cmake' and name 'merge_arrays'
[2.744s] Level 1:colcon.colcon_core.package_discovery:discover_packages(recursive) using defaults
