[0.049s] Invoking command in '/home/npastore/WAChallengeWorkspace/build/merge_arrays': WSLENV=ELECTRON_RUN_AS_NODE/w: /usr/bin/cmake --build /home/npastore/WAChallengeWorkspace/build/merge_arrays -- -j20 -l20
[0.097s] [35m[1mConsolidate compiler generated dependencies of target arrays_io[0m
[0.111s] [ 25%] [32mBuilding CXX object CMakeFiles/merge_arrays_node.dir/src/merge_arrays_node.cpp.o[0m
[0.117s] [ 50%] [32mBuilding CXX object CMakeFiles/arrays_io.dir/src/arrays_io.cpp.o[0m
[12.574s] [ 75%] [32m[1mLinking CXX executable merge_arrays_node[0m
[12.731s] [100%] [32m[1mLinking CXX executable arrays_io[0m
[13.357s] [100%] Built target merge_arrays_node
[13.477s] [100%] Built target arrays_io
[13.489s] Invoked command in '/home/npastore/WAChallengeWorkspace/build/merge_arrays' returned '0': WSLENV=ELECTRON_RUN_AS_NODE/w: /usr/bin/cmake --build /home/npastore/WAChallengeWorkspace/build/merge_arrays -- -j20 -l20
[13.525s] Invoking command in '/home/npastore/WAChallengeWorkspace/build/merge_arrays': WSLENV=ELECTRON_RUN_AS_NODE/w: /usr/bin/cmake --install /home/npastore/WAChallengeWorkspace/build/merge_arrays
[13.531s] -- Install configuration: ""
[13.532s] -- Installing: /home/npastore/WAChallengeWorkspace/install/merge_arrays/lib/merge_arrays/merge_arrays_node
[13.537s] -- Set runtime path of "/home/npastore/WAChallengeWorkspace/install/merge_arrays/lib/merge_arrays/merge_arrays_node" to ""
[13.538s] -- Installing: /home/npastore/WAChallengeWorkspace/install/merge_arrays/lib/merge_arrays/arrays_io
[13.543s] -- Set runtime path of "/home/npastore/WAChallengeWorkspace/install/merge_arrays/lib/merge_arrays/arrays_io" to ""
[13.543s] -- Up-to-date: /home/npastore/WAChallengeWorkspace/install/merge_arrays/share/ament_index/resource_index/package_run_dependencies/merge_arrays
[13.543s] -- Up-to-date: /home/npastore/WAChallengeWorkspace/install/merge_arrays/share/ament_index/resource_index/parent_prefix_path/merge_arrays
[13.543s] -- Up-to-date: /home/npastore/WAChallengeWorkspace/install/merge_arrays/share/merge_arrays/environment/ament_prefix_path.sh
[13.543s] -- Up-to-date: /home/npastore/WAChallengeWorkspace/install/merge_arrays/share/merge_arrays/environment/ament_prefix_path.dsv
[13.543s] -- Up-to-date: /home/npastore/WAChallengeWorkspace/install/merge_arrays/share/merge_arrays/environment/path.sh
[13.544s] -- Up-to-date: /home/npastore/WAChallengeWorkspace/install/merge_arrays/share/merge_arrays/environment/path.dsv
[13.544s] -- Up-to-date: /home/npastore/WAChallengeWorkspace/install/merge_arrays/share/merge_arrays/local_setup.bash
[13.544s] -- Up-to-date: /home/npastore/WAChallengeWorkspace/install/merge_arrays/share/merge_arrays/local_setup.sh
[13.544s] -- Up-to-date: /home/npastore/WAChallengeWorkspace/install/merge_arrays/share/merge_arrays/local_setup.zsh
[13.544s] -- Up-to-date: /home/npastore/WAChallengeWorkspace/install/merge_arrays/share/merge_arrays/local_setup.dsv
[13.544s] -- Installing: /home/npastore/WAChallengeWorkspace/install/merge_arrays/share/merge_arrays/package.dsv
[13.544s] -- Up-to-date: /home/npastore/WAChallengeWorkspace/install/merge_arrays/share/ament_index/resource_index/packages/merge_arrays
[13.546s] -- Up-to-date: /home/npastore/WAChallengeWorkspace/install/merge_arrays/share/merge_arrays/cmake/merge_arraysConfig.cmake
[13.546s] -- Up-to-date: /home/npastore/WAChallengeWorkspace/install/merge_arrays/share/merge_arrays/cmake/merge_arraysConfig-version.cmake
[13.546s] -- Up-to-date: /home/npastore/WAChallengeWorkspace/install/merge_arrays/share/merge_arrays/package.xml
[13.548s] Invoked command in '/home/npastore/WAChallengeWorkspace/build/merge_arrays' returned '0': WSLENV=ELECTRON_RUN_AS_NODE/w: /usr/bin/cmake --install /home/npastore/WAChallengeWorkspace/build/merge_arrays
