[0.201s] Invoking command in '/home/npastore/WAChallengeWorkspace/build/merge_arrays': CMAKE_PREFIX_PATH=/opt/ros/humble WSLENV=ELECTRON_RUN_AS_NODE/w: /usr/bin/cmake --build /home/npastore/WAChallengeWorkspace/build/merge_arrays -- -j20 -l20
[0.252s] -- Found ament_cmake: 1.3.7 (/opt/ros/humble/share/ament_cmake/cmake)
[0.595s] -- Found rclcpp: 16.0.8 (/opt/ros/humble/share/rclcpp/cmake)
[1.153s] -- Found rosidl_generator_c: 3.1.5 (/opt/ros/humble/share/rosidl_generator_c/cmake)
[1.158s] -- Found rosidl_adapter: 3.1.5 (/opt/ros/humble/share/rosidl_adapter/cmake)
[1.171s] -- Found rosidl_generator_cpp: 3.1.5 (/opt/ros/humble/share/rosidl_generator_cpp/cmake)
[1.196s] -- Using all available rosidl_typesupport_c: rosidl_typesupport_fastrtps_c;rosidl_typesupport_introspection_c
[1.239s] -- Using all available rosidl_typesupport_cpp: rosidl_typesupport_fastrtps_cpp;rosidl_typesupport_introspection_cpp
[1.382s] -- Found rmw_implementation_cmake: 6.1.1 (/opt/ros/humble/share/rmw_implementation_cmake/cmake)
[1.387s] -- Found rmw_fastrtps_cpp: 6.2.6 (/opt/ros/humble/share/rmw_fastrtps_cpp/cmake)
[23.610s] -- Using RMW implementation 'rmw_fastrtps_cpp' as default
[23.999s] [31mCMake Error at /opt/ros/humble/share/ament_cmake_target_dependencies/cmake/ament_target_dependencies.cmake:77 (message):
[23.999s]   ament_target_dependencies() the passed package name 'arrays_io' was not
[23.999s]   found before
[23.999s] Call Stack (most recent call first):
[24.000s]   CMakeLists.txt:18 (ament_target_dependencies)
[24.000s] 
[24.001s] [0m
[24.001s] -- Configuring incomplete, errors occurred!
[24.001s] See also "/home/npastore/WAChallengeWorkspace/build/merge_arrays/CMakeFiles/CMakeOutput.log".
[24.013s] gmake: *** [Makefile:267: cmake_check_build_system] Error 1
[24.021s] Invoked command in '/home/npastore/WAChallengeWorkspace/build/merge_arrays' returned '2': CMAKE_PREFIX_PATH=/opt/ros/humble WSLENV=ELECTRON_RUN_AS_NODE/w: /usr/bin/cmake --build /home/npastore/WAChallengeWorkspace/build/merge_arrays -- -j20 -l20
