[0.070s] Invoking command in '/home/npastore/WAChallengeWorkspace/build/merge_arrays': WSLENV=ELECTRON_RUN_AS_NODE/w: /usr/bin/cmake --build /home/npastore/WAChallengeWorkspace/build/merge_arrays -- -j20 -l20
[0.138s] [35m[1mConsolidate compiler generated dependencies of target arrays_io[0m
[0.151s] [ 50%] Built target merge_arrays_node
[0.157s] [100%] Built target arrays_io
[0.169s] Invoked command in '/home/npastore/WAChallengeWorkspace/build/merge_arrays' returned '0': WSLENV=ELECTRON_RUN_AS_NODE/w: /usr/bin/cmake --build /home/npastore/WAChallengeWorkspace/build/merge_arrays -- -j20 -l20
[0.203s] Invoking command in '/home/npastore/WAChallengeWorkspace/build/merge_arrays': WSLENV=ELECTRON_RUN_AS_NODE/w: /usr/bin/cmake --install /home/npastore/WAChallengeWorkspace/build/merge_arrays
[0.213s] -- Install configuration: ""
[0.213s] -- Up-to-date: /home/npastore/WAChallengeWorkspace/install/merge_arrays/lib/merge_arrays/merge_arrays_node
[0.214s] -- Up-to-date: /home/npastore/WAChallengeWorkspace/install/merge_arrays/lib/merge_arrays/arrays_io
[0.214s] -- Up-to-date: /home/npastore/WAChallengeWorkspace/install/merge_arrays/share/ament_index/resource_index/package_run_dependencies/merge_arrays
[0.214s] -- Up-to-date: /home/npastore/WAChallengeWorkspace/install/merge_arrays/share/ament_index/resource_index/parent_prefix_path/merge_arrays
[0.214s] -- Up-to-date: /home/npastore/WAChallengeWorkspace/install/merge_arrays/share/merge_arrays/environment/ament_prefix_path.sh
[0.215s] -- Up-to-date: /home/npastore/WAChallengeWorkspace/install/merge_arrays/share/merge_arrays/environment/ament_prefix_path.dsv
[0.215s] -- Up-to-date: /home/npastore/WAChallengeWorkspace/install/merge_arrays/share/merge_arrays/environment/path.sh
[0.215s] -- Up-to-date: /home/npastore/WAChallengeWorkspace/install/merge_arrays/share/merge_arrays/environment/path.dsv
[0.215s] -- Up-to-date: /home/npastore/WAChallengeWorkspace/install/merge_arrays/share/merge_arrays/local_setup.bash
[0.215s] -- Up-to-date: /home/npastore/WAChallengeWorkspace/install/merge_arrays/share/merge_arrays/local_setup.sh
[0.215s] -- Up-to-date: /home/npastore/WAChallengeWorkspace/install/merge_arrays/share/merge_arrays/local_setup.zsh
[0.215s] -- Up-to-date: /home/npastore/WAChallengeWorkspace/install/merge_arrays/share/merge_arrays/local_setup.dsv
[0.215s] -- Installing: /home/npastore/WAChallengeWorkspace/install/merge_arrays/share/merge_arrays/package.dsv
[0.215s] -- Up-to-date: /home/npastore/WAChallengeWorkspace/install/merge_arrays/share/ament_index/resource_index/packages/merge_arrays
[0.216s] -- Up-to-date: /home/npastore/WAChallengeWorkspace/install/merge_arrays/share/merge_arrays/cmake/merge_arraysConfig.cmake
[0.216s] -- Up-to-date: /home/npastore/WAChallengeWorkspace/install/merge_arrays/share/merge_arrays/cmake/merge_arraysConfig-version.cmake
[0.216s] -- Up-to-date: /home/npastore/WAChallengeWorkspace/install/merge_arrays/share/merge_arrays/package.xml
[0.218s] Invoked command in '/home/npastore/WAChallengeWorkspace/build/merge_arrays' returned '0': WSLENV=ELECTRON_RUN_AS_NODE/w: /usr/bin/cmake --install /home/npastore/WAChallengeWorkspace/build/merge_arrays
