[0.165s] Invoking command in '/home/npastore/WAChallengeWorkspace/build/merge_arrays': CMAKE_PREFIX_PATH=/opt/ros/humble WSLENV=ELECTRON_RUN_AS_NODE/w: /usr/bin/cmake --build /home/npastore/WAChallengeWorkspace/build/merge_arrays -- -j20 -l20
[0.226s] -- Found ament_cmake: 1.3.7 (/opt/ros/humble/share/ament_cmake/cmake)
[0.586s] -- Found rclcpp: 16.0.8 (/opt/ros/humble/share/rclcpp/cmake)
[1.089s] -- Found rosidl_generator_c: 3.1.5 (/opt/ros/humble/share/rosidl_generator_c/cmake)
[1.098s] -- Found rosidl_adapter: 3.1.5 (/opt/ros/humble/share/rosidl_adapter/cmake)
[1.120s] -- Found rosidl_generator_cpp: 3.1.5 (/opt/ros/humble/share/rosidl_generator_cpp/cmake)
[1.219s] -- Using all available rosidl_typesupport_c: rosidl_typesupport_fastrtps_c;rosidl_typesupport_introspection_c
[1.274s] -- Using all available rosidl_typesupport_cpp: rosidl_typesupport_fastrtps_cpp;rosidl_typesupport_introspection_cpp
[1.411s] -- Found rmw_implementation_cmake: 6.1.1 (/opt/ros/humble/share/rmw_implementation_cmake/cmake)
[1.413s] -- Found rmw_fastrtps_cpp: 6.2.6 (/opt/ros/humble/share/rmw_fastrtps_cpp/cmake)
[21.032s] -- Using RMW implementation 'rmw_fastrtps_cpp' as default
[21.430s] -- Found ament_lint_auto: 0.12.10 (/opt/ros/humble/share/ament_lint_auto/cmake)
[21.580s] -- Added test 'cppcheck' to perform static code analysis on C / C++ code
[21.581s] -- Configured cppcheck include dirs: $<BUILD_INTERFACE:/home/npastore/WAChallengeWorkspace/src/merge_arrays/include>
[21.581s] -- Configured cppcheck exclude dirs and/or files: 
[21.582s] -- Added test 'lint_cmake' to check CMake code style
[21.584s] -- Added test 'uncrustify' to check C / C++ code style
[21.584s] -- Configured uncrustify additional arguments: 
[21.585s] -- Added test 'xmllint' to check XML markup files
[21.586s] -- Configuring done
[21.612s] -- Generating done
[21.617s] -- Build files have been written to: /home/npastore/WAChallengeWorkspace/build/merge_arrays
[21.664s] [35m[1mConsolidate compiler generated dependencies of target merge_arrays_node[0m
[21.668s] [35m[1mConsolidate compiler generated dependencies of target arrays_io[0m
[21.702s] [ 50%] Built target merge_arrays_node
[21.705s] [ 75%] [32m[1mLinking CXX executable arrays_io[0m
[22.840s] [100%] Built target arrays_io
[22.870s] Invoked command in '/home/npastore/WAChallengeWorkspace/build/merge_arrays' returned '0': CMAKE_PREFIX_PATH=/opt/ros/humble WSLENV=ELECTRON_RUN_AS_NODE/w: /usr/bin/cmake --build /home/npastore/WAChallengeWorkspace/build/merge_arrays -- -j20 -l20
[22.963s] Invoking command in '/home/npastore/WAChallengeWorkspace/build/merge_arrays': CMAKE_PREFIX_PATH=/opt/ros/humble WSLENV=ELECTRON_RUN_AS_NODE/w: /usr/bin/cmake --install /home/npastore/WAChallengeWorkspace/build/merge_arrays
[22.976s] -- Install configuration: ""
[22.977s] -- Up-to-date: /home/npastore/WAChallengeWorkspace/install/merge_arrays/lib/merge_arrays/merge_arrays_node
[22.978s] -- Installing: /home/npastore/WAChallengeWorkspace/install/merge_arrays/lib/merge_arrays/arrays_io
[22.983s] -- Set runtime path of "/home/npastore/WAChallengeWorkspace/install/merge_arrays/lib/merge_arrays/arrays_io" to ""
[22.983s] -- Up-to-date: /home/npastore/WAChallengeWorkspace/install/merge_arrays/share/ament_index/resource_index/package_run_dependencies/merge_arrays
[22.984s] -- Up-to-date: /home/npastore/WAChallengeWorkspace/install/merge_arrays/share/ament_index/resource_index/parent_prefix_path/merge_arrays
[22.984s] -- Up-to-date: /home/npastore/WAChallengeWorkspace/install/merge_arrays/share/merge_arrays/environment/ament_prefix_path.sh
[22.984s] -- Installing: /home/npastore/WAChallengeWorkspace/install/merge_arrays/share/merge_arrays/environment/ament_prefix_path.dsv
[22.984s] -- Up-to-date: /home/npastore/WAChallengeWorkspace/install/merge_arrays/share/merge_arrays/environment/path.sh
[22.985s] -- Installing: /home/npastore/WAChallengeWorkspace/install/merge_arrays/share/merge_arrays/environment/path.dsv
[22.985s] -- Up-to-date: /home/npastore/WAChallengeWorkspace/install/merge_arrays/share/merge_arrays/local_setup.bash
[22.985s] -- Up-to-date: /home/npastore/WAChallengeWorkspace/install/merge_arrays/share/merge_arrays/local_setup.sh
[22.986s] -- Up-to-date: /home/npastore/WAChallengeWorkspace/install/merge_arrays/share/merge_arrays/local_setup.zsh
[22.987s] -- Installing: /home/npastore/WAChallengeWorkspace/install/merge_arrays/share/merge_arrays/local_setup.dsv
[22.987s] -- Installing: /home/npastore/WAChallengeWorkspace/install/merge_arrays/share/merge_arrays/package.dsv
[22.987s] -- Up-to-date: /home/npastore/WAChallengeWorkspace/install/merge_arrays/share/ament_index/resource_index/packages/merge_arrays
[22.987s] -- Up-to-date: /home/npastore/WAChallengeWorkspace/install/merge_arrays/share/merge_arrays/cmake/merge_arraysConfig.cmake
[22.987s] -- Up-to-date: /home/npastore/WAChallengeWorkspace/install/merge_arrays/share/merge_arrays/cmake/merge_arraysConfig-version.cmake
[22.987s] -- Up-to-date: /home/npastore/WAChallengeWorkspace/install/merge_arrays/share/merge_arrays/package.xml
[22.991s] Invoked command in '/home/npastore/WAChallengeWorkspace/build/merge_arrays' returned '0': CMAKE_PREFIX_PATH=/opt/ros/humble WSLENV=ELECTRON_RUN_AS_NODE/w: /usr/bin/cmake --install /home/npastore/WAChallengeWorkspace/build/merge_arrays
