[1.406s] DEBUG:colcon:Command line arguments: ['/usr/bin/colcon', 'build', '--packages-select', 'merge_arrays']
[1.406s] DEBUG:colcon:Parsed command line arguments: Namespace(log_base=None, log_level=None, verb_name='build', build_base='build', install_base='install', merge_install=False, symlink_install=False, test_result_base=None, continue_on_error=False, executor='parallel', parallel_workers=20, event_handlers=None, ignore_user_meta=False, metas=['./colcon.meta'], base_paths=['.'], packages_ignore=None, packages_ignore_regex=None, paths=None, packages_up_to=None, packages_up_to_regex=None, packages_above=None, packages_above_and_dependencies=None, packages_above_depth=None, packages_select_by_dep=None, packages_skip_by_dep=None, packages_skip_up_to=None, packages_select_build_failed=False, packages_skip_build_finished=False, packages_select_test_failures=False, packages_skip_test_passed=False, packages_select=['merge_arrays'], packages_skip=None, packages_select_regex=None, packages_skip_regex=None, packages_start=None, packages_end=None, allow_overriding=[], cmake_args=None, cmake_target=None, cmake_target_skip_unavailable=False, cmake_clean_cache=False, cmake_clean_first=False, cmake_force_configure=False, ament_cmake_args=None, catkin_cmake_args=None, catkin_skip_building_tests=False, verb_parser=<colcon_defaults.argument_parser.defaults.DefaultArgumentsDecorator object at 0x7f126bbcdd20>, verb_extension=<colcon_core.verb.build.BuildVerb object at 0x7f126bbcd180>, main=<bound method BuildVerb.main of <colcon_core.verb.build.BuildVerb object at 0x7f126bbcd180>>)
[1.452s] Level 1:colcon.colcon_core.package_discovery:discover_packages(colcon_meta) check parameters
[1.453s] Level 1:colcon.colcon_core.package_discovery:discover_packages(recursive) check parameters
[1.453s] Level 1:colcon.colcon_core.package_discovery:discover_packages(ignore) check parameters
[1.453s] Level 1:colcon.colcon_core.package_discovery:discover_packages(path) check parameters
[1.453s] Level 1:colcon.colcon_core.package_discovery:discover_packages(colcon_meta) discover
[1.453s] Level 1:colcon.colcon_core.package_discovery:discover_packages(recursive) discover
[1.453s] INFO:colcon.colcon_core.package_discovery:Crawling recursively for packages in '/home/npastore/WAChallengeWorkspace'
[1.453s] Level 1:colcon.colcon_core.package_identification:_identify(.) by extensions ['ignore', 'ignore_ament_install']
[1.453s] Level 1:colcon.colcon_core.package_identification:_identify(.) by extension 'ignore'
[1.453s] Level 1:colcon.colcon_core.package_identification:_identify(.) by extension 'ignore_ament_install'
[1.453s] Level 1:colcon.colcon_core.package_identification:_identify(.) by extensions ['colcon_pkg']
[1.453s] Level 1:colcon.colcon_core.package_identification:_identify(.) by extension 'colcon_pkg'
[1.453s] Level 1:colcon.colcon_core.package_identification:_identify(.) by extensions ['colcon_meta']
[1.453s] Level 1:colcon.colcon_core.package_identification:_identify(.) by extension 'colcon_meta'
[1.453s] Level 1:colcon.colcon_core.package_identification:_identify(.) by extensions ['ros']
[1.453s] Level 1:colcon.colcon_core.package_identification:_identify(.) by extension 'ros'
[1.466s] Level 1:colcon.colcon_core.package_identification:_identify(.) by extensions ['cmake', 'python']
[1.466s] Level 1:colcon.colcon_core.package_identification:_identify(.) by extension 'cmake'
[1.466s] Level 1:colcon.colcon_core.package_identification:_identify(.) by extension 'python'
[1.466s] Level 1:colcon.colcon_core.package_identification:_identify(.) by extensions ['python_setup_py']
[1.466s] Level 1:colcon.colcon_core.package_identification:_identify(.) by extension 'python_setup_py'
[1.466s] Level 1:colcon.colcon_core.package_identification:_identify(build) by extensions ['ignore', 'ignore_ament_install']
[1.466s] Level 1:colcon.colcon_core.package_identification:_identify(build) by extension 'ignore'
[1.466s] Level 1:colcon.colcon_core.package_identification:_identify(build) ignored
[1.466s] Level 1:colcon.colcon_core.package_identification:_identify(install) by extensions ['ignore', 'ignore_ament_install']
[1.467s] Level 1:colcon.colcon_core.package_identification:_identify(install) by extension 'ignore'
[1.467s] Level 1:colcon.colcon_core.package_identification:_identify(install) ignored
[1.467s] Level 1:colcon.colcon_core.package_identification:_identify(log) by extensions ['ignore', 'ignore_ament_install']
[1.467s] Level 1:colcon.colcon_core.package_identification:_identify(log) by extension 'ignore'
[1.467s] Level 1:colcon.colcon_core.package_identification:_identify(log) ignored
[1.467s] Level 1:colcon.colcon_core.package_identification:_identify(src) by extensions ['ignore', 'ignore_ament_install']
[1.467s] Level 1:colcon.colcon_core.package_identification:_identify(src) by extension 'ignore'
[1.467s] Level 1:colcon.colcon_core.package_identification:_identify(src) by extension 'ignore_ament_install'
[1.467s] Level 1:colcon.colcon_core.package_identification:_identify(src) by extensions ['colcon_pkg']
[1.467s] Level 1:colcon.colcon_core.package_identification:_identify(src) by extension 'colcon_pkg'
[1.467s] Level 1:colcon.colcon_core.package_identification:_identify(src) by extensions ['colcon_meta']
[1.467s] Level 1:colcon.colcon_core.package_identification:_identify(src) by extension 'colcon_meta'
[1.467s] Level 1:colcon.colcon_core.package_identification:_identify(src) by extensions ['ros']
[1.467s] Level 1:colcon.colcon_core.package_identification:_identify(src) by extension 'ros'
[1.467s] Level 1:colcon.colcon_core.package_identification:_identify(src) by extensions ['cmake', 'python']
[1.467s] Level 1:colcon.colcon_core.package_identification:_identify(src) by extension 'cmake'
[1.468s] Level 1:colcon.colcon_core.package_identification:_identify(src) by extension 'python'
[1.468s] Level 1:colcon.colcon_core.package_identification:_identify(src) by extensions ['python_setup_py']
[1.468s] Level 1:colcon.colcon_core.package_identification:_identify(src) by extension 'python_setup_py'
[1.468s] Level 1:colcon.colcon_core.package_identification:_identify(src/merge_arrays) by extensions ['ignore', 'ignore_ament_install']
[1.468s] Level 1:colcon.colcon_core.package_identification:_identify(src/merge_arrays) by extension 'ignore'
[1.468s] Level 1:colcon.colcon_core.package_identification:_identify(src/merge_arrays) by extension 'ignore_ament_install'
[1.468s] Level 1:colcon.colcon_core.package_identification:_identify(src/merge_arrays) by extensions ['colcon_pkg']
[1.468s] Level 1:colcon.colcon_core.package_identification:_identify(src/merge_arrays) by extension 'colcon_pkg'
[1.468s] Level 1:colcon.colcon_core.package_identification:_identify(src/merge_arrays) by extensions ['colcon_meta']
[1.468s] Level 1:colcon.colcon_core.package_identification:_identify(src/merge_arrays) by extension 'colcon_meta'
[1.468s] Level 1:colcon.colcon_core.package_identification:_identify(src/merge_arrays) by extensions ['ros']
[1.468s] Level 1:colcon.colcon_core.package_identification:_identify(src/merge_arrays) by extension 'ros'
[1.471s] DEBUG:colcon.colcon_core.package_identification:Package 'src/merge_arrays' with type 'ros.ament_cmake' and name 'merge_arrays'
[1.472s] Level 1:colcon.colcon_core.package_discovery:discover_packages(recursive) using defaults
[1.472s] Level 1:colcon.colcon_core.package_discovery:discover_packages(ignore) discover
[1.472s] Level 1:colcon.colcon_core.package_discovery:discover_packages(ignore) using defaults
[1.472s] Level 1:colcon.colcon_core.package_discovery:discover_packages(path) discover
[1.472s] Level 1:colcon.colcon_core.package_discovery:discover_packages(path) using defaults
[1.577s] Level 1:colcon.colcon_core.package_discovery:discover_packages(prefix_path) check parameters
[1.577s] Level 1:colcon.colcon_core.package_discovery:discover_packages(prefix_path) discover
[1.603s] DEBUG:colcon.colcon_installed_package_information.package_discovery:Found 1 installed packages in /home/npastore/WAChallengeWorkspace/install
[1.620s] DEBUG:colcon.colcon_installed_package_information.package_discovery:Found 270 installed packages in /opt/ros/humble
[1.622s] Level 1:colcon.colcon_core.package_discovery:discover_packages(prefix_path) using defaults
[1.727s] Level 5:colcon.colcon_core.verb:set package 'merge_arrays' build argument 'cmake_args' from command line to 'None'
[1.727s] Level 5:colcon.colcon_core.verb:set package 'merge_arrays' build argument 'cmake_target' from command line to 'None'
[1.727s] Level 5:colcon.colcon_core.verb:set package 'merge_arrays' build argument 'cmake_target_skip_unavailable' from command line to 'False'
[1.727s] Level 5:colcon.colcon_core.verb:set package 'merge_arrays' build argument 'cmake_clean_cache' from command line to 'False'
[1.727s] Level 5:colcon.colcon_core.verb:set package 'merge_arrays' build argument 'cmake_clean_first' from command line to 'False'
[1.727s] Level 5:colcon.colcon_core.verb:set package 'merge_arrays' build argument 'cmake_force_configure' from command line to 'False'
[1.727s] Level 5:colcon.colcon_core.verb:set package 'merge_arrays' build argument 'ament_cmake_args' from command line to 'None'
[1.727s] Level 5:colcon.colcon_core.verb:set package 'merge_arrays' build argument 'catkin_cmake_args' from command line to 'None'
[1.727s] Level 5:colcon.colcon_core.verb:set package 'merge_arrays' build argument 'catkin_skip_building_tests' from command line to 'False'
[1.727s] DEBUG:colcon.colcon_core.verb:Building package 'merge_arrays' with the following arguments: {'ament_cmake_args': None, 'build_base': '/home/npastore/WAChallengeWorkspace/build/merge_arrays', 'catkin_cmake_args': None, 'catkin_skip_building_tests': False, 'cmake_args': None, 'cmake_clean_cache': False, 'cmake_clean_first': False, 'cmake_force_configure': False, 'cmake_target': None, 'cmake_target_skip_unavailable': False, 'install_base': '/home/npastore/WAChallengeWorkspace/install/merge_arrays', 'merge_install': False, 'path': '/home/npastore/WAChallengeWorkspace/src/merge_arrays', 'symlink_install': False, 'test_result_base': None}
[1.740s] INFO:colcon.colcon_core.executor:Executing jobs using 'parallel' executor
[1.760s] DEBUG:colcon.colcon_parallel_executor.executor.parallel:run_until_complete
[1.761s] INFO:colcon.colcon_ros.task.ament_cmake.build:Building ROS package in '/home/npastore/WAChallengeWorkspace/src/merge_arrays' with build type 'ament_cmake'
[1.761s] INFO:colcon.colcon_cmake.task.cmake.build:Building CMake package in '/home/npastore/WAChallengeWorkspace/src/merge_arrays'
[1.810s] INFO:colcon.colcon_core.plugin_system:Skipping extension 'colcon_core.shell.bat': Not used on non-Windows systems
[1.811s] INFO:colcon.colcon_core.shell:Skip shell extension 'powershell' for command environment: Not usable outside of PowerShell
[1.811s] DEBUG:colcon.colcon_core.shell:Skip shell extension 'dsv' for command environment
[1.863s] DEBUG:colcon.colcon_core.event_handler.log_command:Invoking command in '/home/npastore/WAChallengeWorkspace/build/merge_arrays': CMAKE_PREFIX_PATH=/opt/ros/humble WSLENV=ELECTRON_RUN_AS_NODE/w: /usr/bin/cmake --build /home/npastore/WAChallengeWorkspace/build/merge_arrays -- -j20 -l20
[13.722s] DEBUG:colcon.colcon_core.event_handler.log_command:Invoked command in '/home/npastore/WAChallengeWorkspace/build/merge_arrays' returned '0': CMAKE_PREFIX_PATH=/opt/ros/humble WSLENV=ELECTRON_RUN_AS_NODE/w: /usr/bin/cmake --build /home/npastore/WAChallengeWorkspace/build/merge_arrays -- -j20 -l20
[13.757s] DEBUG:colcon.colcon_core.event_handler.log_command:Invoking command in '/home/npastore/WAChallengeWorkspace/build/merge_arrays': CMAKE_PREFIX_PATH=/opt/ros/humble WSLENV=ELECTRON_RUN_AS_NODE/w: /usr/bin/cmake --install /home/npastore/WAChallengeWorkspace/build/merge_arrays
[13.775s] Level 1:colcon.colcon_core.environment:create_environment_scripts_only(merge_arrays)
[13.776s] DEBUG:colcon.colcon_core.event_handler.log_command:Invoked command in '/home/npastore/WAChallengeWorkspace/build/merge_arrays' returned '0': CMAKE_PREFIX_PATH=/opt/ros/humble WSLENV=ELECTRON_RUN_AS_NODE/w: /usr/bin/cmake --install /home/npastore/WAChallengeWorkspace/build/merge_arrays
[13.792s] Level 1:colcon.colcon_core.environment:checking '/home/npastore/WAChallengeWorkspace/install/merge_arrays' for CMake module files
[13.793s] Level 1:colcon.colcon_core.environment:checking '/home/npastore/WAChallengeWorkspace/install/merge_arrays' for CMake config files
[13.794s] Level 1:colcon.colcon_core.shell:create_environment_hook('merge_arrays', 'cmake_prefix_path')
[13.809s] INFO:colcon.colcon_core.shell:Creating environment hook '/home/npastore/WAChallengeWorkspace/install/merge_arrays/share/merge_arrays/hook/cmake_prefix_path.ps1'
[13.809s] INFO:colcon.colcon_core.shell:Creating environment descriptor '/home/npastore/WAChallengeWorkspace/install/merge_arrays/share/merge_arrays/hook/cmake_prefix_path.dsv'
[13.810s] INFO:colcon.colcon_core.shell:Creating environment hook '/home/npastore/WAChallengeWorkspace/install/merge_arrays/share/merge_arrays/hook/cmake_prefix_path.sh'
[13.811s] Level 1:colcon.colcon_core.environment:checking '/home/npastore/WAChallengeWorkspace/install/merge_arrays/lib'
[13.811s] Level 1:colcon.colcon_core.environment:checking '/home/npastore/WAChallengeWorkspace/install/merge_arrays/bin'
[13.811s] Level 1:colcon.colcon_core.environment:checking '/home/npastore/WAChallengeWorkspace/install/merge_arrays/lib/pkgconfig/merge_arrays.pc'
[13.811s] Level 1:colcon.colcon_core.environment:checking '/home/npastore/WAChallengeWorkspace/install/merge_arrays/lib/python3.10/site-packages'
[13.812s] Level 1:colcon.colcon_core.environment:checking '/home/npastore/WAChallengeWorkspace/install/merge_arrays/bin'
[13.825s] INFO:colcon.colcon_core.shell:Creating package script '/home/npastore/WAChallengeWorkspace/install/merge_arrays/share/merge_arrays/package.ps1'
[13.826s] INFO:colcon.colcon_core.shell:Creating package descriptor '/home/npastore/WAChallengeWorkspace/install/merge_arrays/share/merge_arrays/package.dsv'
[13.826s] INFO:colcon.colcon_core.shell:Creating package script '/home/npastore/WAChallengeWorkspace/install/merge_arrays/share/merge_arrays/package.sh'
[13.827s] INFO:colcon.colcon_core.shell:Creating package script '/home/npastore/WAChallengeWorkspace/install/merge_arrays/share/merge_arrays/package.bash'
[13.828s] INFO:colcon.colcon_core.shell:Creating package script '/home/npastore/WAChallengeWorkspace/install/merge_arrays/share/merge_arrays/package.zsh'
[13.829s] Level 1:colcon.colcon_core.environment:create_file_with_runtime_dependencies(/home/npastore/WAChallengeWorkspace/install/merge_arrays/share/colcon-core/packages/merge_arrays)
[13.864s] Level 1:colcon.colcon_core.environment:create_environment_scripts_only(merge_arrays)
[13.880s] Level 1:colcon.colcon_core.environment:checking '/home/npastore/WAChallengeWorkspace/install/merge_arrays' for CMake module files
[13.881s] Level 1:colcon.colcon_core.environment:checking '/home/npastore/WAChallengeWorkspace/install/merge_arrays' for CMake config files
[13.881s] Level 1:colcon.colcon_core.shell:create_environment_hook('merge_arrays', 'cmake_prefix_path')
[13.894s] INFO:colcon.colcon_core.shell:Creating environment hook '/home/npastore/WAChallengeWorkspace/install/merge_arrays/share/merge_arrays/hook/cmake_prefix_path.ps1'
[13.895s] INFO:colcon.colcon_core.shell:Creating environment descriptor '/home/npastore/WAChallengeWorkspace/install/merge_arrays/share/merge_arrays/hook/cmake_prefix_path.dsv'
[13.895s] INFO:colcon.colcon_core.shell:Creating environment hook '/home/npastore/WAChallengeWorkspace/install/merge_arrays/share/merge_arrays/hook/cmake_prefix_path.sh'
[13.896s] Level 1:colcon.colcon_core.environment:checking '/home/npastore/WAChallengeWorkspace/install/merge_arrays/lib'
[13.896s] Level 1:colcon.colcon_core.environment:checking '/home/npastore/WAChallengeWorkspace/install/merge_arrays/bin'
[13.896s] Level 1:colcon.colcon_core.environment:checking '/home/npastore/WAChallengeWorkspace/install/merge_arrays/lib/pkgconfig/merge_arrays.pc'
[13.897s] Level 1:colcon.colcon_core.environment:checking '/home/npastore/WAChallengeWorkspace/install/merge_arrays/lib/python3.10/site-packages'
[13.897s] Level 1:colcon.colcon_core.environment:checking '/home/npastore/WAChallengeWorkspace/install/merge_arrays/bin'
[13.910s] INFO:colcon.colcon_core.shell:Creating package script '/home/npastore/WAChallengeWorkspace/install/merge_arrays/share/merge_arrays/package.ps1'
[13.911s] INFO:colcon.colcon_core.shell:Creating package descriptor '/home/npastore/WAChallengeWorkspace/install/merge_arrays/share/merge_arrays/package.dsv'
[13.911s] INFO:colcon.colcon_core.shell:Creating package script '/home/npastore/WAChallengeWorkspace/install/merge_arrays/share/merge_arrays/package.sh'
[13.912s] INFO:colcon.colcon_core.shell:Creating package script '/home/npastore/WAChallengeWorkspace/install/merge_arrays/share/merge_arrays/package.bash'
[13.912s] INFO:colcon.colcon_core.shell:Creating package script '/home/npastore/WAChallengeWorkspace/install/merge_arrays/share/merge_arrays/package.zsh'
[13.913s] Level 1:colcon.colcon_core.environment:create_file_with_runtime_dependencies(/home/npastore/WAChallengeWorkspace/install/merge_arrays/share/colcon-core/packages/merge_arrays)
[13.913s] DEBUG:colcon.colcon_parallel_executor.executor.parallel:closing loop
[13.914s] DEBUG:colcon.colcon_parallel_executor.executor.parallel:loop closed
[13.915s] DEBUG:colcon.colcon_parallel_executor.executor.parallel:run_until_complete finished with '0'
[13.915s] DEBUG:colcon.colcon_core.event_reactor:joining thread
[14.073s] INFO:colcon.colcon_core.plugin_system:Skipping extension 'colcon_notification.desktop_notification.notify_send': Could not find 'notify-send'
[14.073s] INFO:colcon.colcon_core.plugin_system:Skipping extension 'colcon_notification.desktop_notification.terminal_notifier': Not used on non-Darwin systems
[14.074s] INFO:colcon.colcon_core.plugin_system:Skipping extension 'colcon_notification.desktop_notification.win32': Not used on non-Windows systems
[14.074s] INFO:colcon.colcon_notification.desktop_notification:Sending desktop notification using 'notify2'
[14.074s] DEBUG:colcon.colcon_notification.desktop_notification.notify2:Failed to initialize notify2: org.freedesktop.DBus.Error.FileNotFound: Failed to connect to socket /run/user/1000/bus: No such file or directory
[14.074s] DEBUG:colcon.colcon_core.event_reactor:joined thread
[14.092s] INFO:colcon.colcon_core.shell:Creating prefix script '/home/npastore/WAChallengeWorkspace/install/local_setup.ps1'
[14.094s] INFO:colcon.colcon_core.shell:Creating prefix util module '/home/npastore/WAChallengeWorkspace/install/_local_setup_util_ps1.py'
[14.096s] INFO:colcon.colcon_core.shell:Creating prefix chain script '/home/npastore/WAChallengeWorkspace/install/setup.ps1'
[14.109s] INFO:colcon.colcon_core.shell:Creating prefix script '/home/npastore/WAChallengeWorkspace/install/local_setup.sh'
[14.110s] INFO:colcon.colcon_core.shell:Creating prefix util module '/home/npastore/WAChallengeWorkspace/install/_local_setup_util_sh.py'
[14.110s] INFO:colcon.colcon_core.shell:Creating prefix chain script '/home/npastore/WAChallengeWorkspace/install/setup.sh'
[14.123s] INFO:colcon.colcon_core.shell:Creating prefix script '/home/npastore/WAChallengeWorkspace/install/local_setup.bash'
[14.123s] INFO:colcon.colcon_core.shell:Creating prefix chain script '/home/npastore/WAChallengeWorkspace/install/setup.bash'
[14.137s] INFO:colcon.colcon_core.shell:Creating prefix script '/home/npastore/WAChallengeWorkspace/install/local_setup.zsh'
[14.138s] INFO:colcon.colcon_core.shell:Creating prefix chain script '/home/npastore/WAChallengeWorkspace/install/setup.zsh'
