[2.046s] DEBUG:colcon:Command line arguments: ['/usr/bin/colcon', 'build']
[2.046s] DEBUG:colcon:Parsed command line arguments: Namespace(log_base=None, log_level=None, verb_name='build', build_base='build', install_base='install', merge_install=False, symlink_install=False, test_result_base=None, continue_on_error=False, executor='parallel', parallel_workers=20, event_handlers=None, ignore_user_meta=False, metas=['./colcon.meta'], base_paths=['.'], packages_ignore=None, packages_ignore_regex=None, paths=None, packages_up_to=None, packages_up_to_regex=None, packages_above=None, packages_above_and_dependencies=None, packages_above_depth=None, packages_select_by_dep=None, packages_skip_by_dep=None, packages_skip_up_to=None, packages_select_build_failed=False, packages_skip_build_finished=False, packages_select_test_failures=False, packages_skip_test_passed=False, packages_select=None, packages_skip=None, packages_select_regex=None, packages_skip_regex=None, packages_start=None, packages_end=None, allow_overriding=[], cmake_args=None, cmake_target=None, cmake_target_skip_unavailable=False, cmake_clean_cache=False, cmake_clean_first=False, cmake_force_configure=False, ament_cmake_args=None, catkin_cmake_args=None, catkin_skip_building_tests=False, verb_parser=<colcon_defaults.argument_parser.defaults.DefaultArgumentsDecorator object at 0x7fbd202a9c90>, verb_extension=<colcon_core.verb.build.BuildVerb object at 0x7fbd202a9330>, main=<bound method BuildVerb.main of <colcon_core.verb.build.BuildVerb object at 0x7fbd202a9330>>)
[2.137s] Level 1:colcon.colcon_core.package_discovery:discover_packages(colcon_meta) check parameters
[2.138s] Level 1:colcon.colcon_core.package_discovery:discover_packages(recursive) check parameters
[2.138s] Level 1:colcon.colcon_core.package_discovery:discover_packages(ignore) check parameters
[2.138s] Level 1:colcon.colcon_core.package_discovery:discover_packages(path) check parameters
[2.138s] Level 1:colcon.colcon_core.package_discovery:discover_packages(colcon_meta) discover
[2.138s] Level 1:colcon.colcon_core.package_discovery:discover_packages(recursive) discover
[2.139s] INFO:colcon.colcon_core.package_discovery:Crawling recursively for packages in '/home/npastore/WAChallengeWorkspace'
[2.139s] Level 1:colcon.colcon_core.package_identification:_identify(.) by extensions ['ignore', 'ignore_ament_install']
[2.139s] Level 1:colcon.colcon_core.package_identification:_identify(.) by extension 'ignore'
[2.139s] Level 1:colcon.colcon_core.package_identification:_identify(.) by extension 'ignore_ament_install'
[2.139s] Level 1:colcon.colcon_core.package_identification:_identify(.) by extensions ['colcon_pkg']
[2.140s] Level 1:colcon.colcon_core.package_identification:_identify(.) by extension 'colcon_pkg'
[2.140s] Level 1:colcon.colcon_core.package_identification:_identify(.) by extensions ['colcon_meta']
[2.140s] Level 1:colcon.colcon_core.package_identification:_identify(.) by extension 'colcon_meta'
[2.140s] Level 1:colcon.colcon_core.package_identification:_identify(.) by extensions ['ros']
[2.140s] Level 1:colcon.colcon_core.package_identification:_identify(.) by extension 'ros'
[2.166s] Level 1:colcon.colcon_core.package_identification:_identify(.) by extensions ['cmake', 'python']
[2.168s] Level 1:colcon.colcon_core.package_identification:_identify(.) by extension 'cmake'
[2.168s] Level 1:colcon.colcon_core.package_identification:_identify(.) by extension 'python'
[2.169s] Level 1:colcon.colcon_core.package_identification:_identify(.) by extensions ['python_setup_py']
[2.169s] Level 1:colcon.colcon_core.package_identification:_identify(.) by extension 'python_setup_py'
[2.169s] Level 1:colcon.colcon_core.package_identification:_identify(build) by extensions ['ignore', 'ignore_ament_install']
[2.169s] Level 1:colcon.colcon_core.package_identification:_identify(build) by extension 'ignore'
[2.169s] Level 1:colcon.colcon_core.package_identification:_identify(build) ignored
[2.170s] Level 1:colcon.colcon_core.package_identification:_identify(install) by extensions ['ignore', 'ignore_ament_install']
[2.170s] Level 1:colcon.colcon_core.package_identification:_identify(install) by extension 'ignore'
[2.170s] Level 1:colcon.colcon_core.package_identification:_identify(install) ignored
[2.171s] Level 1:colcon.colcon_core.package_identification:_identify(log) by extensions ['ignore', 'ignore_ament_install']
[2.171s] Level 1:colcon.colcon_core.package_identification:_identify(log) by extension 'ignore'
[2.171s] Level 1:colcon.colcon_core.package_identification:_identify(log) ignored
[2.171s] Level 1:colcon.colcon_core.package_identification:_identify(src) by extensions ['ignore', 'ignore_ament_install']
[2.171s] Level 1:colcon.colcon_core.package_identification:_identify(src) by extension 'ignore'
[2.171s] Level 1:colcon.colcon_core.package_identification:_identify(src) by extension 'ignore_ament_install'
[2.172s] Level 1:colcon.colcon_core.package_identification:_identify(src) by extensions ['colcon_pkg']
[2.172s] Level 1:colcon.colcon_core.package_identification:_identify(src) by extension 'colcon_pkg'
[2.172s] Level 1:colcon.colcon_core.package_identification:_identify(src) by extensions ['colcon_meta']
[2.172s] Level 1:colcon.colcon_core.package_identification:_identify(src) by extension 'colcon_meta'
[2.172s] Level 1:colcon.colcon_core.package_identification:_identify(src) by extensions ['ros']
[2.172s] Level 1:colcon.colcon_core.package_identification:_identify(src) by extension 'ros'
[2.172s] Level 1:colcon.colcon_core.package_identification:_identify(src) by extensions ['cmake', 'python']
[2.172s] Level 1:colcon.colcon_core.package_identification:_identify(src) by extension 'cmake'
[2.172s] Level 1:colcon.colcon_core.package_identification:_identify(src) by extension 'python'
[2.172s] Level 1:colcon.colcon_core.package_identification:_identify(src) by extensions ['python_setup_py']
[2.172s] Level 1:colcon.colcon_core.package_identification:_identify(src) by extension 'python_setup_py'
[2.173s] Level 1:colcon.colcon_core.package_identification:_identify(src/merge_arrays) by extensions ['ignore', 'ignore_ament_install']
[2.173s] Level 1:colcon.colcon_core.package_identification:_identify(src/merge_arrays) by extension 'ignore'
[2.173s] Level 1:colcon.colcon_core.package_identification:_identify(src/merge_arrays) by extension 'ignore_ament_install'
[2.173s] Level 1:colcon.colcon_core.package_identification:_identify(src/merge_arrays) by extensions ['colcon_pkg']
[2.173s] Level 1:colcon.colcon_core.package_identification:_identify(src/merge_arrays) by extension 'colcon_pkg'
[2.173s] Level 1:colcon.colcon_core.package_identification:_identify(src/merge_arrays) by extensions ['colcon_meta']
[2.173s] Level 1:colcon.colcon_core.package_identification:_identify(src/merge_arrays) by extension 'colcon_meta'
[2.173s] Level 1:colcon.colcon_core.package_identification:_identify(src/merge_arrays) by extensions ['ros']
[2.174s] Level 1:colcon.colcon_core.package_identification:_identify(src/merge_arrays) by extension 'ros'
[2.183s] DEBUG:colcon.colcon_core.package_identification:Package 'src/merge_arrays' with type 'ros.ament_cmake' and name 'merge_arrays'
[2.183s] Level 1:colcon.colcon_core.package_discovery:discover_packages(recursive) using defaults
[2.184s] Level 1:colcon.colcon_core.package_discovery:discover_packages(ignore) discover
[2.184s] Level 1:colcon.colcon_core.package_discovery:discover_packages(ignore) using defaults
[2.184s] Level 1:colcon.colcon_core.package_discovery:discover_packages(path) discover
[2.184s] Level 1:colcon.colcon_core.package_discovery:discover_packages(path) using defaults
[2.352s] Level 1:colcon.colcon_core.package_discovery:discover_packages(prefix_path) check parameters
[2.352s] Level 1:colcon.colcon_core.package_discovery:discover_packages(prefix_path) discover
[2.400s] DEBUG:colcon.colcon_installed_package_information.package_discovery:Found 1 installed packages in /home/npastore/WAChallengeWorkspace/install
[2.430s] DEBUG:colcon.colcon_installed_package_information.package_discovery:Found 270 installed packages in /opt/ros/humble
[2.434s] Level 1:colcon.colcon_core.package_discovery:discover_packages(prefix_path) using defaults
[2.649s] Level 5:colcon.colcon_core.verb:set package 'merge_arrays' build argument 'cmake_args' from command line to 'None'
[2.649s] Level 5:colcon.colcon_core.verb:set package 'merge_arrays' build argument 'cmake_target' from command line to 'None'
[2.649s] Level 5:colcon.colcon_core.verb:set package 'merge_arrays' build argument 'cmake_target_skip_unavailable' from command line to 'False'
[2.649s] Level 5:colcon.colcon_core.verb:set package 'merge_arrays' build argument 'cmake_clean_cache' from command line to 'False'
[2.649s] Level 5:colcon.colcon_core.verb:set package 'merge_arrays' build argument 'cmake_clean_first' from command line to 'False'
[2.649s] Level 5:colcon.colcon_core.verb:set package 'merge_arrays' build argument 'cmake_force_configure' from command line to 'False'
[2.649s] Level 5:colcon.colcon_core.verb:set package 'merge_arrays' build argument 'ament_cmake_args' from command line to 'None'
[2.649s] Level 5:colcon.colcon_core.verb:set package 'merge_arrays' build argument 'catkin_cmake_args' from command line to 'None'
[2.650s] Level 5:colcon.colcon_core.verb:set package 'merge_arrays' build argument 'catkin_skip_building_tests' from command line to 'False'
[2.650s] DEBUG:colcon.colcon_core.verb:Building package 'merge_arrays' with the following arguments: {'ament_cmake_args': None, 'build_base': '/home/npastore/WAChallengeWorkspace/build/merge_arrays', 'catkin_cmake_args': None, 'catkin_skip_building_tests': False, 'cmake_args': None, 'cmake_clean_cache': False, 'cmake_clean_first': False, 'cmake_force_configure': False, 'cmake_target': None, 'cmake_target_skip_unavailable': False, 'install_base': '/home/npastore/WAChallengeWorkspace/install/merge_arrays', 'merge_install': False, 'path': '/home/npastore/WAChallengeWorkspace/src/merge_arrays', 'symlink_install': False, 'test_result_base': None}
[2.686s] INFO:colcon.colcon_core.executor:Executing jobs using 'parallel' executor
[2.722s] DEBUG:colcon.colcon_parallel_executor.executor.parallel:run_until_complete
[2.723s] INFO:colcon.colcon_ros.task.ament_cmake.build:Building ROS package in '/home/npastore/WAChallengeWorkspace/src/merge_arrays' with build type 'ament_cmake'
[2.723s] INFO:colcon.colcon_cmake.task.cmake.build:Building CMake package in '/home/npastore/WAChallengeWorkspace/src/merge_arrays'
[2.771s] INFO:colcon.colcon_core.plugin_system:Skipping extension 'colcon_core.shell.bat': Not used on non-Windows systems
[2.772s] INFO:colcon.colcon_core.shell:Skip shell extension 'powershell' for command environment: Not usable outside of PowerShell
[2.772s] DEBUG:colcon.colcon_core.shell:Skip shell extension 'dsv' for command environment
[2.884s] DEBUG:colcon.colcon_core.event_handler.log_command:Invoking command in '/home/npastore/WAChallengeWorkspace/build/merge_arrays': CMAKE_PREFIX_PATH=/opt/ros/humble WSLENV=ELECTRON_RUN_AS_NODE/w: /usr/bin/cmake --build /home/npastore/WAChallengeWorkspace/build/merge_arrays -- -j20 -l20
[3.000s] DEBUG:colcon.colcon_core.event_handler.log_command:Invoked command in '/home/npastore/WAChallengeWorkspace/build/merge_arrays' returned '0': CMAKE_PREFIX_PATH=/opt/ros/humble WSLENV=ELECTRON_RUN_AS_NODE/w: /usr/bin/cmake --build /home/npastore/WAChallengeWorkspace/build/merge_arrays -- -j20 -l20
[3.068s] DEBUG:colcon.colcon_core.event_handler.log_command:Invoking command in '/home/npastore/WAChallengeWorkspace/build/merge_arrays': CMAKE_PREFIX_PATH=/opt/ros/humble WSLENV=ELECTRON_RUN_AS_NODE/w: /usr/bin/cmake --install /home/npastore/WAChallengeWorkspace/build/merge_arrays
[3.089s] Level 1:colcon.colcon_core.environment:create_environment_scripts_only(merge_arrays)
[3.090s] DEBUG:colcon.colcon_core.event_handler.log_command:Invoked command in '/home/npastore/WAChallengeWorkspace/build/merge_arrays' returned '0': CMAKE_PREFIX_PATH=/opt/ros/humble WSLENV=ELECTRON_RUN_AS_NODE/w: /usr/bin/cmake --install /home/npastore/WAChallengeWorkspace/build/merge_arrays
[3.127s] Level 1:colcon.colcon_core.environment:checking '/home/npastore/WAChallengeWorkspace/install/merge_arrays' for CMake module files
[3.128s] Level 1:colcon.colcon_core.environment:checking '/home/npastore/WAChallengeWorkspace/install/merge_arrays' for CMake config files
[3.129s] Level 1:colcon.colcon_core.shell:create_environment_hook('merge_arrays', 'cmake_prefix_path')
[3.154s] INFO:colcon.colcon_core.shell:Creating environment hook '/home/npastore/WAChallengeWorkspace/install/merge_arrays/share/merge_arrays/hook/cmake_prefix_path.ps1'
[3.156s] INFO:colcon.colcon_core.shell:Creating environment descriptor '/home/npastore/WAChallengeWorkspace/install/merge_arrays/share/merge_arrays/hook/cmake_prefix_path.dsv'
[3.157s] INFO:colcon.colcon_core.shell:Creating environment hook '/home/npastore/WAChallengeWorkspace/install/merge_arrays/share/merge_arrays/hook/cmake_prefix_path.sh'
[3.160s] Level 1:colcon.colcon_core.environment:checking '/home/npastore/WAChallengeWorkspace/install/merge_arrays/lib'
[3.160s] Level 1:colcon.colcon_core.environment:checking '/home/npastore/WAChallengeWorkspace/install/merge_arrays/bin'
[3.161s] Level 1:colcon.colcon_core.environment:checking '/home/npastore/WAChallengeWorkspace/install/merge_arrays/lib/pkgconfig/merge_arrays.pc'
[3.162s] Level 1:colcon.colcon_core.environment:checking '/home/npastore/WAChallengeWorkspace/install/merge_arrays/lib/python3.10/site-packages'
[3.162s] Level 1:colcon.colcon_core.environment:checking '/home/npastore/WAChallengeWorkspace/install/merge_arrays/bin'
[3.193s] INFO:colcon.colcon_core.shell:Creating package script '/home/npastore/WAChallengeWorkspace/install/merge_arrays/share/merge_arrays/package.ps1'
[3.194s] INFO:colcon.colcon_core.shell:Creating package descriptor '/home/npastore/WAChallengeWorkspace/install/merge_arrays/share/merge_arrays/package.dsv'
[3.197s] INFO:colcon.colcon_core.shell:Creating package script '/home/npastore/WAChallengeWorkspace/install/merge_arrays/share/merge_arrays/package.sh'
[3.198s] INFO:colcon.colcon_core.shell:Creating package script '/home/npastore/WAChallengeWorkspace/install/merge_arrays/share/merge_arrays/package.bash'
[3.200s] INFO:colcon.colcon_core.shell:Creating package script '/home/npastore/WAChallengeWorkspace/install/merge_arrays/share/merge_arrays/package.zsh'
[3.201s] Level 1:colcon.colcon_core.environment:create_file_with_runtime_dependencies(/home/npastore/WAChallengeWorkspace/install/merge_arrays/share/colcon-core/packages/merge_arrays)
[3.265s] Level 1:colcon.colcon_core.environment:create_environment_scripts_only(merge_arrays)
[3.290s] Level 1:colcon.colcon_core.environment:checking '/home/npastore/WAChallengeWorkspace/install/merge_arrays' for CMake module files
[3.291s] Level 1:colcon.colcon_core.environment:checking '/home/npastore/WAChallengeWorkspace/install/merge_arrays' for CMake config files
[3.292s] Level 1:colcon.colcon_core.shell:create_environment_hook('merge_arrays', 'cmake_prefix_path')
[3.313s] INFO:colcon.colcon_core.shell:Creating environment hook '/home/npastore/WAChallengeWorkspace/install/merge_arrays/share/merge_arrays/hook/cmake_prefix_path.ps1'
[3.314s] INFO:colcon.colcon_core.shell:Creating environment descriptor '/home/npastore/WAChallengeWorkspace/install/merge_arrays/share/merge_arrays/hook/cmake_prefix_path.dsv'
[3.314s] INFO:colcon.colcon_core.shell:Creating environment hook '/home/npastore/WAChallengeWorkspace/install/merge_arrays/share/merge_arrays/hook/cmake_prefix_path.sh'
[3.316s] Level 1:colcon.colcon_core.environment:checking '/home/npastore/WAChallengeWorkspace/install/merge_arrays/lib'
[3.317s] Level 1:colcon.colcon_core.environment:checking '/home/npastore/WAChallengeWorkspace/install/merge_arrays/bin'
[3.317s] Level 1:colcon.colcon_core.environment:checking '/home/npastore/WAChallengeWorkspace/install/merge_arrays/lib/pkgconfig/merge_arrays.pc'
[3.317s] Level 1:colcon.colcon_core.environment:checking '/home/npastore/WAChallengeWorkspace/install/merge_arrays/lib/python3.10/site-packages'
[3.318s] Level 1:colcon.colcon_core.environment:checking '/home/npastore/WAChallengeWorkspace/install/merge_arrays/bin'
[3.343s] INFO:colcon.colcon_core.shell:Creating package script '/home/npastore/WAChallengeWorkspace/install/merge_arrays/share/merge_arrays/package.ps1'
[3.345s] INFO:colcon.colcon_core.shell:Creating package descriptor '/home/npastore/WAChallengeWorkspace/install/merge_arrays/share/merge_arrays/package.dsv'
[3.346s] INFO:colcon.colcon_core.shell:Creating package script '/home/npastore/WAChallengeWorkspace/install/merge_arrays/share/merge_arrays/package.sh'
[3.347s] INFO:colcon.colcon_core.shell:Creating package script '/home/npastore/WAChallengeWorkspace/install/merge_arrays/share/merge_arrays/package.bash'
[3.348s] INFO:colcon.colcon_core.shell:Creating package script '/home/npastore/WAChallengeWorkspace/install/merge_arrays/share/merge_arrays/package.zsh'
[3.349s] Level 1:colcon.colcon_core.environment:create_file_with_runtime_dependencies(/home/npastore/WAChallengeWorkspace/install/merge_arrays/share/colcon-core/packages/merge_arrays)
[3.350s] DEBUG:colcon.colcon_parallel_executor.executor.parallel:closing loop
[3.351s] DEBUG:colcon.colcon_parallel_executor.executor.parallel:loop closed
[3.352s] DEBUG:colcon.colcon_parallel_executor.executor.parallel:run_until_complete finished with '0'
[3.352s] DEBUG:colcon.colcon_core.event_reactor:joining thread
[3.533s] INFO:colcon.colcon_core.plugin_system:Skipping extension 'colcon_notification.desktop_notification.notify_send': Could not find 'notify-send'
[3.533s] INFO:colcon.colcon_core.plugin_system:Skipping extension 'colcon_notification.desktop_notification.terminal_notifier': Not used on non-Darwin systems
[3.533s] INFO:colcon.colcon_core.plugin_system:Skipping extension 'colcon_notification.desktop_notification.win32': Not used on non-Windows systems
[3.534s] INFO:colcon.colcon_notification.desktop_notification:Sending desktop notification using 'notify2'
[3.534s] DEBUG:colcon.colcon_notification.desktop_notification.notify2:Failed to initialize notify2: org.freedesktop.DBus.Error.FileNotFound: Failed to connect to socket /run/user/1000/bus: No such file or directory
[3.534s] DEBUG:colcon.colcon_core.event_reactor:joined thread
[3.555s] INFO:colcon.colcon_core.shell:Creating prefix script '/home/npastore/WAChallengeWorkspace/install/local_setup.ps1'
[3.557s] INFO:colcon.colcon_core.shell:Creating prefix util module '/home/npastore/WAChallengeWorkspace/install/_local_setup_util_ps1.py'
[3.559s] INFO:colcon.colcon_core.shell:Creating prefix chain script '/home/npastore/WAChallengeWorkspace/install/setup.ps1'
[3.582s] INFO:colcon.colcon_core.shell:Creating prefix script '/home/npastore/WAChallengeWorkspace/install/local_setup.sh'
[3.583s] INFO:colcon.colcon_core.shell:Creating prefix util module '/home/npastore/WAChallengeWorkspace/install/_local_setup_util_sh.py'
[3.584s] INFO:colcon.colcon_core.shell:Creating prefix chain script '/home/npastore/WAChallengeWorkspace/install/setup.sh'
[3.612s] INFO:colcon.colcon_core.shell:Creating prefix script '/home/npastore/WAChallengeWorkspace/install/local_setup.bash'
[3.613s] INFO:colcon.colcon_core.shell:Creating prefix chain script '/home/npastore/WAChallengeWorkspace/install/setup.bash'
[3.637s] INFO:colcon.colcon_core.shell:Creating prefix script '/home/npastore/WAChallengeWorkspace/install/local_setup.zsh'
[3.638s] INFO:colcon.colcon_core.shell:Creating prefix chain script '/home/npastore/WAChallengeWorkspace/install/setup.zsh'
