[0.900s] DEBUG:colcon:Command line arguments: ['/usr/bin/colcon', 'build']
[0.900s] DEBUG:colcon:Parsed command line arguments: Namespace(log_base=None, log_level=None, verb_name='build', build_base='build', install_base='install', merge_install=False, symlink_install=False, test_result_base=None, continue_on_error=False, executor='parallel', parallel_workers=20, event_handlers=None, ignore_user_meta=False, metas=['./colcon.meta'], base_paths=['.'], packages_ignore=None, packages_ignore_regex=None, paths=None, packages_up_to=None, packages_up_to_regex=None, packages_above=None, packages_above_and_dependencies=None, packages_above_depth=None, packages_select_by_dep=None, packages_skip_by_dep=None, packages_skip_up_to=None, packages_select_build_failed=False, packages_skip_build_finished=False, packages_select_test_failures=False, packages_skip_test_passed=False, packages_select=None, packages_skip=None, packages_select_regex=None, packages_skip_regex=None, packages_start=None, packages_end=None, allow_overriding=[], cmake_args=None, cmake_target=None, cmake_target_skip_unavailable=False, cmake_clean_cache=False, cmake_clean_first=False, cmake_force_configure=False, ament_cmake_args=None, catkin_cmake_args=None, catkin_skip_building_tests=False, verb_parser=<colcon_defaults.argument_parser.defaults.DefaultArgumentsDecorator object at 0x7f942b3acbe0>, verb_extension=<colcon_core.verb.build.BuildVerb object at 0x7f942b3aefb0>, main=<bound method BuildVerb.main of <colcon_core.verb.build.BuildVerb object at 0x7f942b3aefb0>>)
[0.945s] Level 1:colcon.colcon_core.package_discovery:discover_packages(colcon_meta) check parameters
[0.945s] Level 1:colcon.colcon_core.package_discovery:discover_packages(recursive) check parameters
[0.945s] Level 1:colcon.colcon_core.package_discovery:discover_packages(ignore) check parameters
[0.945s] Level 1:colcon.colcon_core.package_discovery:discover_packages(path) check parameters
[0.945s] Level 1:colcon.colcon_core.package_discovery:discover_packages(colcon_meta) discover
[0.946s] Level 1:colcon.colcon_core.package_discovery:discover_packages(recursive) discover
[0.946s] INFO:colcon.colcon_core.package_discovery:Crawling recursively for packages in '/home/npastore/WAChallengeWorkspace'
[0.946s] Level 1:colcon.colcon_core.package_identification:_identify(.) by extensions ['ignore', 'ignore_ament_install']
[0.946s] Level 1:colcon.colcon_core.package_identification:_identify(.) by extension 'ignore'
[0.946s] Level 1:colcon.colcon_core.package_identification:_identify(.) by extension 'ignore_ament_install'
[0.946s] Level 1:colcon.colcon_core.package_identification:_identify(.) by extensions ['colcon_pkg']
[0.946s] Level 1:colcon.colcon_core.package_identification:_identify(.) by extension 'colcon_pkg'
[0.946s] Level 1:colcon.colcon_core.package_identification:_identify(.) by extensions ['colcon_meta']
[0.946s] Level 1:colcon.colcon_core.package_identification:_identify(.) by extension 'colcon_meta'
[0.946s] Level 1:colcon.colcon_core.package_identification:_identify(.) by extensions ['ros']
[0.946s] Level 1:colcon.colcon_core.package_identification:_identify(.) by extension 'ros'
[0.967s] Level 1:colcon.colcon_core.package_identification:_identify(.) by extensions ['cmake', 'python']
[0.967s] Level 1:colcon.colcon_core.package_identification:_identify(.) by extension 'cmake'
[0.967s] Level 1:colcon.colcon_core.package_identification:_identify(.) by extension 'python'
[0.967s] Level 1:colcon.colcon_core.package_identification:_identify(.) by extensions ['python_setup_py']
[0.967s] Level 1:colcon.colcon_core.package_identification:_identify(.) by extension 'python_setup_py'
[0.967s] Level 1:colcon.colcon_core.package_identification:_identify(build) by extensions ['ignore', 'ignore_ament_install']
[0.967s] Level 1:colcon.colcon_core.package_identification:_identify(build) by extension 'ignore'
[0.967s] Level 1:colcon.colcon_core.package_identification:_identify(build) ignored
[0.968s] Level 1:colcon.colcon_core.package_identification:_identify(install) by extensions ['ignore', 'ignore_ament_install']
[0.968s] Level 1:colcon.colcon_core.package_identification:_identify(install) by extension 'ignore'
[0.968s] Level 1:colcon.colcon_core.package_identification:_identify(install) ignored
[0.968s] Level 1:colcon.colcon_core.package_identification:_identify(log) by extensions ['ignore', 'ignore_ament_install']
[0.968s] Level 1:colcon.colcon_core.package_identification:_identify(log) by extension 'ignore'
[0.968s] Level 1:colcon.colcon_core.package_identification:_identify(log) ignored
[0.968s] Level 1:colcon.colcon_core.package_identification:_identify(src) by extensions ['ignore', 'ignore_ament_install']
[0.968s] Level 1:colcon.colcon_core.package_identification:_identify(src) by extension 'ignore'
[0.968s] Level 1:colcon.colcon_core.package_identification:_identify(src) by extension 'ignore_ament_install'
[0.968s] Level 1:colcon.colcon_core.package_identification:_identify(src) by extensions ['colcon_pkg']
[0.969s] Level 1:colcon.colcon_core.package_identification:_identify(src) by extension 'colcon_pkg'
[0.969s] Level 1:colcon.colcon_core.package_identification:_identify(src) by extensions ['colcon_meta']
[0.969s] Level 1:colcon.colcon_core.package_identification:_identify(src) by extension 'colcon_meta'
[0.969s] Level 1:colcon.colcon_core.package_identification:_identify(src) by extensions ['ros']
[0.969s] Level 1:colcon.colcon_core.package_identification:_identify(src) by extension 'ros'
[0.969s] Level 1:colcon.colcon_core.package_identification:_identify(src) by extensions ['cmake', 'python']
[0.969s] Level 1:colcon.colcon_core.package_identification:_identify(src) by extension 'cmake'
[0.969s] Level 1:colcon.colcon_core.package_identification:_identify(src) by extension 'python'
[0.969s] Level 1:colcon.colcon_core.package_identification:_identify(src) by extensions ['python_setup_py']
[0.969s] Level 1:colcon.colcon_core.package_identification:_identify(src) by extension 'python_setup_py'
[0.969s] Level 1:colcon.colcon_core.package_identification:_identify(src/merge_arrays) by extensions ['ignore', 'ignore_ament_install']
[0.969s] Level 1:colcon.colcon_core.package_identification:_identify(src/merge_arrays) by extension 'ignore'
[0.969s] Level 1:colcon.colcon_core.package_identification:_identify(src/merge_arrays) by extension 'ignore_ament_install'
[0.969s] Level 1:colcon.colcon_core.package_identification:_identify(src/merge_arrays) by extensions ['colcon_pkg']
[0.969s] Level 1:colcon.colcon_core.package_identification:_identify(src/merge_arrays) by extension 'colcon_pkg'
[0.969s] Level 1:colcon.colcon_core.package_identification:_identify(src/merge_arrays) by extensions ['colcon_meta']
[0.969s] Level 1:colcon.colcon_core.package_identification:_identify(src/merge_arrays) by extension 'colcon_meta'
[0.969s] Level 1:colcon.colcon_core.package_identification:_identify(src/merge_arrays) by extensions ['ros']
[0.969s] Level 1:colcon.colcon_core.package_identification:_identify(src/merge_arrays) by extension 'ros'
[0.972s] DEBUG:colcon.colcon_core.package_identification:Package 'src/merge_arrays' with type 'ros.ament_cmake' and name 'merge_arrays'
[0.973s] Level 1:colcon.colcon_core.package_discovery:discover_packages(recursive) using defaults
[0.973s] Level 1:colcon.colcon_core.package_discovery:discover_packages(ignore) discover
[0.973s] Level 1:colcon.colcon_core.package_discovery:discover_packages(ignore) using defaults
[0.973s] Level 1:colcon.colcon_core.package_discovery:discover_packages(path) discover
[0.973s] Level 1:colcon.colcon_core.package_discovery:discover_packages(path) using defaults
[1.047s] Level 1:colcon.colcon_core.package_discovery:discover_packages(prefix_path) check parameters
[1.047s] Level 1:colcon.colcon_core.package_discovery:discover_packages(prefix_path) discover
[1.055s] Level 1:colcon.colcon_core.package_discovery:discover_packages(prefix_path) using defaults
[1.071s] Level 5:colcon.colcon_core.verb:set package 'merge_arrays' build argument 'cmake_args' from command line to 'None'
[1.071s] Level 5:colcon.colcon_core.verb:set package 'merge_arrays' build argument 'cmake_target' from command line to 'None'
[1.071s] Level 5:colcon.colcon_core.verb:set package 'merge_arrays' build argument 'cmake_target_skip_unavailable' from command line to 'False'
[1.071s] Level 5:colcon.colcon_core.verb:set package 'merge_arrays' build argument 'cmake_clean_cache' from command line to 'False'
[1.071s] Level 5:colcon.colcon_core.verb:set package 'merge_arrays' build argument 'cmake_clean_first' from command line to 'False'
[1.071s] Level 5:colcon.colcon_core.verb:set package 'merge_arrays' build argument 'cmake_force_configure' from command line to 'False'
[1.071s] Level 5:colcon.colcon_core.verb:set package 'merge_arrays' build argument 'ament_cmake_args' from command line to 'None'
[1.071s] Level 5:colcon.colcon_core.verb:set package 'merge_arrays' build argument 'catkin_cmake_args' from command line to 'None'
[1.071s] Level 5:colcon.colcon_core.verb:set package 'merge_arrays' build argument 'catkin_skip_building_tests' from command line to 'False'
[1.071s] DEBUG:colcon.colcon_core.verb:Building package 'merge_arrays' with the following arguments: {'ament_cmake_args': None, 'build_base': '/home/npastore/WAChallengeWorkspace/build/merge_arrays', 'catkin_cmake_args': None, 'catkin_skip_building_tests': False, 'cmake_args': None, 'cmake_clean_cache': False, 'cmake_clean_first': False, 'cmake_force_configure': False, 'cmake_target': None, 'cmake_target_skip_unavailable': False, 'install_base': '/home/npastore/WAChallengeWorkspace/install/merge_arrays', 'merge_install': False, 'path': '/home/npastore/WAChallengeWorkspace/src/merge_arrays', 'symlink_install': False, 'test_result_base': None}
[1.079s] INFO:colcon.colcon_core.executor:Executing jobs using 'parallel' executor
[1.088s] DEBUG:colcon.colcon_parallel_executor.executor.parallel:run_until_complete
[1.089s] INFO:colcon.colcon_ros.task.ament_cmake.build:Building ROS package in '/home/npastore/WAChallengeWorkspace/src/merge_arrays' with build type 'ament_cmake'
[1.089s] INFO:colcon.colcon_cmake.task.cmake.build:Building CMake package in '/home/npastore/WAChallengeWorkspace/src/merge_arrays'
[1.102s] INFO:colcon.colcon_core.plugin_system:Skipping extension 'colcon_core.shell.bat': Not used on non-Windows systems
[1.102s] INFO:colcon.colcon_core.shell:Skip shell extension 'powershell' for command environment: Not usable outside of PowerShell
[1.103s] DEBUG:colcon.colcon_core.shell:Skip shell extension 'dsv' for command environment
[1.193s] DEBUG:colcon.colcon_core.event_handler.log_command:Invoking command in '/home/npastore/WAChallengeWorkspace/build/merge_arrays': WSLENV=ELECTRON_RUN_AS_NODE/w: /usr/bin/cmake --build /home/npastore/WAChallengeWorkspace/build/merge_arrays -- -j20 -l20
[13.362s] DEBUG:colcon.colcon_core.event_handler.log_command:Invoked command in '/home/npastore/WAChallengeWorkspace/build/merge_arrays' returned '0': WSLENV=ELECTRON_RUN_AS_NODE/w: /usr/bin/cmake --build /home/npastore/WAChallengeWorkspace/build/merge_arrays -- -j20 -l20
[13.395s] DEBUG:colcon.colcon_core.event_handler.log_command:Invoking command in '/home/npastore/WAChallengeWorkspace/build/merge_arrays': WSLENV=ELECTRON_RUN_AS_NODE/w: /usr/bin/cmake --install /home/npastore/WAChallengeWorkspace/build/merge_arrays
[13.408s] Level 1:colcon.colcon_core.environment:create_environment_scripts_only(merge_arrays)
[13.410s] DEBUG:colcon.colcon_core.event_handler.log_command:Invoked command in '/home/npastore/WAChallengeWorkspace/build/merge_arrays' returned '0': WSLENV=ELECTRON_RUN_AS_NODE/w: /usr/bin/cmake --install /home/npastore/WAChallengeWorkspace/build/merge_arrays
[13.418s] Level 1:colcon.colcon_core.environment:checking '/home/npastore/WAChallengeWorkspace/install/merge_arrays' for CMake module files
[13.419s] Level 1:colcon.colcon_core.environment:checking '/home/npastore/WAChallengeWorkspace/install/merge_arrays' for CMake config files
[13.419s] Level 1:colcon.colcon_core.shell:create_environment_hook('merge_arrays', 'cmake_prefix_path')
[13.429s] INFO:colcon.colcon_core.shell:Creating environment hook '/home/npastore/WAChallengeWorkspace/install/merge_arrays/share/merge_arrays/hook/cmake_prefix_path.ps1'
[13.430s] INFO:colcon.colcon_core.shell:Creating environment descriptor '/home/npastore/WAChallengeWorkspace/install/merge_arrays/share/merge_arrays/hook/cmake_prefix_path.dsv'
[13.430s] INFO:colcon.colcon_core.shell:Creating environment hook '/home/npastore/WAChallengeWorkspace/install/merge_arrays/share/merge_arrays/hook/cmake_prefix_path.sh'
[13.431s] Level 1:colcon.colcon_core.environment:checking '/home/npastore/WAChallengeWorkspace/install/merge_arrays/lib'
[13.431s] Level 1:colcon.colcon_core.environment:checking '/home/npastore/WAChallengeWorkspace/install/merge_arrays/bin'
[13.432s] Level 1:colcon.colcon_core.environment:checking '/home/npastore/WAChallengeWorkspace/install/merge_arrays/lib/pkgconfig/merge_arrays.pc'
[13.433s] Level 1:colcon.colcon_core.environment:checking '/home/npastore/WAChallengeWorkspace/install/merge_arrays/lib/python3.10/site-packages'
[13.434s] Level 1:colcon.colcon_core.environment:checking '/home/npastore/WAChallengeWorkspace/install/merge_arrays/bin'
[13.441s] INFO:colcon.colcon_core.shell:Creating package script '/home/npastore/WAChallengeWorkspace/install/merge_arrays/share/merge_arrays/package.ps1'
[13.442s] INFO:colcon.colcon_core.shell:Creating package descriptor '/home/npastore/WAChallengeWorkspace/install/merge_arrays/share/merge_arrays/package.dsv'
[13.443s] INFO:colcon.colcon_core.shell:Creating package script '/home/npastore/WAChallengeWorkspace/install/merge_arrays/share/merge_arrays/package.sh'
[13.444s] INFO:colcon.colcon_core.shell:Creating package script '/home/npastore/WAChallengeWorkspace/install/merge_arrays/share/merge_arrays/package.bash'
[13.445s] INFO:colcon.colcon_core.shell:Creating package script '/home/npastore/WAChallengeWorkspace/install/merge_arrays/share/merge_arrays/package.zsh'
[13.445s] Level 1:colcon.colcon_core.environment:create_file_with_runtime_dependencies(/home/npastore/WAChallengeWorkspace/install/merge_arrays/share/colcon-core/packages/merge_arrays)
[13.477s] Level 1:colcon.colcon_core.environment:create_environment_scripts_only(merge_arrays)
[13.484s] Level 1:colcon.colcon_core.environment:checking '/home/npastore/WAChallengeWorkspace/install/merge_arrays' for CMake module files
[13.484s] Level 1:colcon.colcon_core.environment:checking '/home/npastore/WAChallengeWorkspace/install/merge_arrays' for CMake config files
[13.484s] Level 1:colcon.colcon_core.shell:create_environment_hook('merge_arrays', 'cmake_prefix_path')
[13.492s] INFO:colcon.colcon_core.shell:Creating environment hook '/home/npastore/WAChallengeWorkspace/install/merge_arrays/share/merge_arrays/hook/cmake_prefix_path.ps1'
[13.493s] INFO:colcon.colcon_core.shell:Creating environment descriptor '/home/npastore/WAChallengeWorkspace/install/merge_arrays/share/merge_arrays/hook/cmake_prefix_path.dsv'
[13.493s] INFO:colcon.colcon_core.shell:Creating environment hook '/home/npastore/WAChallengeWorkspace/install/merge_arrays/share/merge_arrays/hook/cmake_prefix_path.sh'
[13.494s] Level 1:colcon.colcon_core.environment:checking '/home/npastore/WAChallengeWorkspace/install/merge_arrays/lib'
[13.494s] Level 1:colcon.colcon_core.environment:checking '/home/npastore/WAChallengeWorkspace/install/merge_arrays/bin'
[13.494s] Level 1:colcon.colcon_core.environment:checking '/home/npastore/WAChallengeWorkspace/install/merge_arrays/lib/pkgconfig/merge_arrays.pc'
[13.494s] Level 1:colcon.colcon_core.environment:checking '/home/npastore/WAChallengeWorkspace/install/merge_arrays/lib/python3.10/site-packages'
[13.495s] Level 1:colcon.colcon_core.environment:checking '/home/npastore/WAChallengeWorkspace/install/merge_arrays/bin'
[13.501s] INFO:colcon.colcon_core.shell:Creating package script '/home/npastore/WAChallengeWorkspace/install/merge_arrays/share/merge_arrays/package.ps1'
[13.502s] INFO:colcon.colcon_core.shell:Creating package descriptor '/home/npastore/WAChallengeWorkspace/install/merge_arrays/share/merge_arrays/package.dsv'
[13.503s] INFO:colcon.colcon_core.shell:Creating package script '/home/npastore/WAChallengeWorkspace/install/merge_arrays/share/merge_arrays/package.sh'
[13.503s] INFO:colcon.colcon_core.shell:Creating package script '/home/npastore/WAChallengeWorkspace/install/merge_arrays/share/merge_arrays/package.bash'
[13.504s] INFO:colcon.colcon_core.shell:Creating package script '/home/npastore/WAChallengeWorkspace/install/merge_arrays/share/merge_arrays/package.zsh'
[13.504s] Level 1:colcon.colcon_core.environment:create_file_with_runtime_dependencies(/home/npastore/WAChallengeWorkspace/install/merge_arrays/share/colcon-core/packages/merge_arrays)
[13.504s] DEBUG:colcon.colcon_parallel_executor.executor.parallel:closing loop
[13.505s] DEBUG:colcon.colcon_parallel_executor.executor.parallel:loop closed
[13.505s] DEBUG:colcon.colcon_parallel_executor.executor.parallel:run_until_complete finished with '0'
[13.505s] DEBUG:colcon.colcon_core.event_reactor:joining thread
[13.641s] INFO:colcon.colcon_core.plugin_system:Skipping extension 'colcon_notification.desktop_notification.notify_send': Could not find 'notify-send'
[13.642s] INFO:colcon.colcon_core.plugin_system:Skipping extension 'colcon_notification.desktop_notification.terminal_notifier': Not used on non-Darwin systems
[13.651s] INFO:colcon.colcon_core.plugin_system:Skipping extension 'colcon_notification.desktop_notification.win32': Not used on non-Windows systems
[13.651s] INFO:colcon.colcon_notification.desktop_notification:Sending desktop notification using 'notify2'
[13.652s] DEBUG:colcon.colcon_notification.desktop_notification.notify2:Failed to initialize notify2: org.freedesktop.DBus.Error.FileNotFound: Failed to connect to socket /run/user/1000/bus: No such file or directory
[13.652s] DEBUG:colcon.colcon_core.event_reactor:joined thread
[13.661s] INFO:colcon.colcon_core.shell:Creating prefix script '/home/npastore/WAChallengeWorkspace/install/local_setup.ps1'
[13.662s] INFO:colcon.colcon_core.shell:Creating prefix util module '/home/npastore/WAChallengeWorkspace/install/_local_setup_util_ps1.py'
[13.664s] INFO:colcon.colcon_core.shell:Creating prefix chain script '/home/npastore/WAChallengeWorkspace/install/setup.ps1'
[13.672s] INFO:colcon.colcon_core.shell:Creating prefix script '/home/npastore/WAChallengeWorkspace/install/local_setup.sh'
[13.673s] INFO:colcon.colcon_core.shell:Creating prefix util module '/home/npastore/WAChallengeWorkspace/install/_local_setup_util_sh.py'
[13.674s] INFO:colcon.colcon_core.shell:Creating prefix chain script '/home/npastore/WAChallengeWorkspace/install/setup.sh'
[13.685s] INFO:colcon.colcon_core.shell:Creating prefix script '/home/npastore/WAChallengeWorkspace/install/local_setup.bash'
[13.686s] INFO:colcon.colcon_core.shell:Creating prefix chain script '/home/npastore/WAChallengeWorkspace/install/setup.bash'
[13.695s] INFO:colcon.colcon_core.shell:Creating prefix script '/home/npastore/WAChallengeWorkspace/install/local_setup.zsh'
[13.696s] INFO:colcon.colcon_core.shell:Creating prefix chain script '/home/npastore/WAChallengeWorkspace/install/setup.zsh'
